c:\users\yanniknelson\documents\github\inf4-computer-graphics\cw\cw2\raytracer\build\raytracer.dir\debug\vc142.pdb
c:\users\yanniknelson\documents\github\inf4-computer-graphics\cw\cw2\raytracer\build\raytracer.dir\debug\triangle.obj
c:\users\yanniknelson\documents\github\inf4-computer-graphics\cw\cw2\raytracer\build\raytracer.dir\debug\trimesh.obj
c:\users\yanniknelson\documents\github\inf4-computer-graphics\cw\cw2\raytracer\build\raytracer.dir\debug\sphere.obj
c:\users\yanniknelson\documents\github\inf4-computer-graphics\cw\cw2\raytracer\build\raytracer.dir\debug\bvh.obj
c:\users\yanniknelson\documents\github\inf4-computer-graphics\cw\cw2\raytracer\build\raytracer.dir\debug\blinnphong.obj
c:\users\yanniknelson\documents\github\inf4-computer-graphics\cw\cw2\raytracer\build\raytracer.dir\debug\main.obj
c:\users\yanniknelson\documents\github\inf4-computer-graphics\cw\cw2\raytracer\build\raytracer.dir\debug\pointlight.obj
c:\users\yanniknelson\documents\github\inf4-computer-graphics\cw\cw2\raytracer\build\raytracer.dir\debug\arealight.obj
c:\users\yanniknelson\documents\github\inf4-computer-graphics\cw\cw2\raytracer\build\raytracer.dir\debug\shape.obj
c:\users\yanniknelson\documents\github\inf4-computer-graphics\cw\cw2\raytracer\build\raytracer.dir\debug\scene.obj
c:\users\yanniknelson\documents\github\inf4-computer-graphics\cw\cw2\raytracer\build\raytracer.dir\debug\raytracer.obj
c:\users\yanniknelson\documents\github\inf4-computer-graphics\cw\cw2\raytracer\build\raytracer.dir\debug\material.obj
c:\users\yanniknelson\documents\github\inf4-computer-graphics\cw\cw2\raytracer\build\raytracer.dir\debug\lightsource.obj
c:\users\yanniknelson\documents\github\inf4-computer-graphics\cw\cw2\raytracer\build\raytracer.dir\debug\camera.obj
c:\users\yanniknelson\documents\github\inf4-computer-graphics\cw\cw2\raytracer\build\raytracer.dir\debug\thinlens.obj
c:\users\yanniknelson\documents\github\inf4-computer-graphics\cw\cw2\raytracer\build\raytracer.dir\debug\pinhole.obj
c:\users\yanniknelson\documents\github\inf4-computer-graphics\cw\cw2\raytracer\build\raytracer.dir\debug\plane.obj
c:\users\yanniknelson\documents\github\inf4-computer-graphics\cw\cw2\raytracer\build\cmakefiles\generate.stamp
c:\users\yanniknelson\documents\github\inf4-computer-graphics\cw\cw2\raytracer\build\debug\raytracer.exe
c:\users\yanniknelson\documents\github\inf4-computer-graphics\cw\cw2\raytracer\build\raytracer.dir\debug\raytracer.ilk
c:\users\yanniknelson\documents\github\inf4-computer-graphics\cw\cw2\raytracer\build\debug\raytracer.pdb
c:\users\yanniknelson\documents\github\inf4-computer-graphics\cw\cw2\raytracer\build\raytracer.dir\debug\raytracer.tlog\cl.command.1.tlog
c:\users\yanniknelson\documents\github\inf4-computer-graphics\cw\cw2\raytracer\build\raytracer.dir\debug\raytracer.tlog\cl.read.1.tlog
c:\users\yanniknelson\documents\github\inf4-computer-graphics\cw\cw2\raytracer\build\raytracer.dir\debug\raytracer.tlog\cl.write.1.tlog
c:\users\yanniknelson\documents\github\inf4-computer-graphics\cw\cw2\raytracer\build\raytracer.dir\debug\raytracer.tlog\custombuild.command.1.tlog
c:\users\yanniknelson\documents\github\inf4-computer-graphics\cw\cw2\raytracer\build\raytracer.dir\debug\raytracer.tlog\custombuild.read.1.tlog
c:\users\yanniknelson\documents\github\inf4-computer-graphics\cw\cw2\raytracer\build\raytracer.dir\debug\raytracer.tlog\custombuild.write.1.tlog
c:\users\yanniknelson\documents\github\inf4-computer-graphics\cw\cw2\raytracer\build\raytracer.dir\debug\raytracer.tlog\link.command.1.tlog
c:\users\yanniknelson\documents\github\inf4-computer-graphics\cw\cw2\raytracer\build\raytracer.dir\debug\raytracer.tlog\link.read.1.tlog
c:\users\yanniknelson\documents\github\inf4-computer-graphics\cw\cw2\raytracer\build\raytracer.dir\debug\raytracer.tlog\link.write.1.tlog
