  RayTracer.cpp
C:\Users\YannikNelson\Documents\GitHub\INF4-Computer-Graphics\CW\CW2\RayTracer\math/Transform.h(139,28): warning C4244: 'initializing': conversion from 'double' to 'float', possible loss of data
C:\Users\YannikNelson\Documents\GitHub\INF4-Computer-Graphics\CW\CW2\RayTracer\core/Camera.h(35,43): warning C4244: 'argument': conversion from 'int' to 'float', possible loss of data
C:\Users\YannikNelson\Documents\GitHub\INF4-Computer-Graphics\CW\CW2\RayTracer\core/Camera.h(37,21): warning C4244: 'initializing': conversion from 'int' to 'float', possible loss of data
C:\Users\YannikNelson\Documents\GitHub\INF4-Computer-Graphics\CW\CW2\RayTracer\core/Camera.h(53,28): warning C4244: 'argument': conversion from 'int' to 'float', possible loss of data
C:\Users\YannikNelson\Documents\GitHub\INF4-Computer-Graphics\CW\CW2\RayTracer\core/Camera.h(53,21): warning C4244: 'argument': conversion from 'int' to 'float', possible loss of data
C:\Users\YannikNelson\Documents\GitHub\INF4-Computer-Graphics\CW\CW2\RayTracer\shapes/BVH.h(44,1): warning C4267: '=': conversion from 'size_t' to 'int', possible loss of data
C:\Users\YannikNelson\Documents\GitHub\INF4-Computer-Graphics\CW\CW2\RayTracer\core/Scene.h(33,1): warning C4267: 'return': conversion from 'size_t' to 'int', possible loss of data
C:\Users\YannikNelson\Documents\GitHub\INF4-Computer-Graphics\CW\CW2\RayTracer\core/Scene.h(37,1): warning C4267: 'return': conversion from 'size_t' to 'int', possible loss of data
C:\Users\YannikNelson\Documents\GitHub\INF4-Computer-Graphics\CW\CW2\RayTracer\core\RayTracer.cpp(12,52): warning C4305: 'argument': truncation from 'double' to 'T'
          with
          [
              T=float
          ]
C:\Users\YannikNelson\Documents\GitHub\INF4-Computer-Graphics\CW\CW2\RayTracer\core\RayTracer.cpp(67,13): warning C4244: 'initializing': conversion from 'float' to 'int', possible loss of data
C:\Users\YannikNelson\Documents\GitHub\INF4-Computer-Graphics\CW\CW2\RayTracer\core\RayTracer.cpp(78,52): warning C4244: 'argument': conversion from 'int' to 'T', possible loss of data
          with
          [
              T=float
          ]
C:\Users\YannikNelson\Documents\GitHub\INF4-Computer-Graphics\CW\CW2\RayTracer\core\RayTracer.cpp(78,36): warning C4244: 'argument': conversion from 'int' to 'T', possible loss of data
          with
          [
              T=float
          ]
C:\Users\YannikNelson\Documents\GitHub\INF4-Computer-Graphics\CW\CW2\RayTracer\core\RayTracer.cpp(220,56): warning C4305: 'argument': truncation from 'double' to 'T'
          with
          [
              T=float
          ]
C:\Users\YannikNelson\Documents\GitHub\INF4-Computer-Graphics\CW\CW2\RayTracer\core\RayTracer.cpp(220,81): warning C4305: 'argument': truncation from 'double' to 'T'
          with
          [
              T=float
          ]
C:\Users\YannikNelson\Documents\GitHub\INF4-Computer-Graphics\CW\CW2\RayTracer\core\RayTracer.cpp(220,106): warning C4305: 'argument': truncation from 'double' to 'T'
          with
          [
              T=float
          ]
  raytracer.vcxproj -> C:\Users\YannikNelson\Documents\GitHub\INF4-Computer-Graphics\CW\CW2\RayTracer\build\Debug\raytracer.exe
